mode: set
github.com/somaz94/network-policy-generator/api/v1/networkpolicygenerator_types.go:177.13,179.2 1 0
github.com/somaz94/network-policy-generator/api/v1/zz_generated.deepcopy.go:28.59,31.2 2 0
github.com/somaz94/network-policy-generator/api/v1/zz_generated.deepcopy.go:34.52,35.15 1 0
github.com/somaz94/network-policy-generator/api/v1/zz_generated.deepcopy.go:35.15,37.3 1 0
github.com/somaz94/network-policy-generator/api/v1/zz_generated.deepcopy.go:38.2,40.12 3 0
github.com/somaz94/network-policy-generator/api/v1/zz_generated.deepcopy.go:44.63,46.2 1 0
github.com/somaz94/network-policy-generator/api/v1/zz_generated.deepcopy.go:49.56,50.15 1 0
github.com/somaz94/network-policy-generator/api/v1/zz_generated.deepcopy.go:50.15,52.3 1 0
github.com/somaz94/network-policy-generator/api/v1/zz_generated.deepcopy.go:53.2,55.12 3 0
github.com/somaz94/network-policy-generator/api/v1/zz_generated.deepcopy.go:59.53,61.2 1 0
github.com/somaz94/network-policy-generator/api/v1/zz_generated.deepcopy.go:64.46,65.15 1 0
github.com/somaz94/network-policy-generator/api/v1/zz_generated.deepcopy.go:65.15,67.3 1 0
github.com/somaz94/network-policy-generator/api/v1/zz_generated.deepcopy.go:68.2,70.12 3 0
github.com/somaz94/network-policy-generator/api/v1/zz_generated.deepcopy.go:74.59,77.2 2 0
github.com/somaz94/network-policy-generator/api/v1/zz_generated.deepcopy.go:80.52,81.15 1 0
github.com/somaz94/network-policy-generator/api/v1/zz_generated.deepcopy.go:81.15,83.3 1 0
github.com/somaz94/network-policy-generator/api/v1/zz_generated.deepcopy.go:84.2,86.12 3 0
github.com/somaz94/network-policy-generator/api/v1/zz_generated.deepcopy.go:90.69,92.23 2 0
github.com/somaz94/network-policy-generator/api/v1/zz_generated.deepcopy.go:92.23,96.3 3 0
github.com/somaz94/network-policy-generator/api/v1/zz_generated.deepcopy.go:97.2,97.22 1 0
github.com/somaz94/network-policy-generator/api/v1/zz_generated.deepcopy.go:97.22,101.3 3 0
github.com/somaz94/network-policy-generator/api/v1/zz_generated.deepcopy.go:105.62,106.15 1 0
github.com/somaz94/network-policy-generator/api/v1/zz_generated.deepcopy.go:106.15,108.3 1 0
github.com/somaz94/network-policy-generator/api/v1/zz_generated.deepcopy.go:109.2,111.12 3 0
github.com/somaz94/network-policy-generator/api/v1/zz_generated.deepcopy.go:115.77,121.2 5 0
github.com/somaz94/network-policy-generator/api/v1/zz_generated.deepcopy.go:124.70,125.15 1 0
github.com/somaz94/network-policy-generator/api/v1/zz_generated.deepcopy.go:125.15,127.3 1 0
github.com/somaz94/network-policy-generator/api/v1/zz_generated.deepcopy.go:128.2,130.12 3 0
github.com/somaz94/network-policy-generator/api/v1/zz_generated.deepcopy.go:134.67,135.34 1 0
github.com/somaz94/network-policy-generator/api/v1/zz_generated.deepcopy.go:135.34,137.3 1 0
github.com/somaz94/network-policy-generator/api/v1/zz_generated.deepcopy.go:138.2,138.12 1 0
github.com/somaz94/network-policy-generator/api/v1/zz_generated.deepcopy.go:142.85,146.21 4 0
github.com/somaz94/network-policy-generator/api/v1/zz_generated.deepcopy.go:146.21,149.22 3 0
github.com/somaz94/network-policy-generator/api/v1/zz_generated.deepcopy.go:149.22,151.4 1 0
github.com/somaz94/network-policy-generator/api/v1/zz_generated.deepcopy.go:156.78,157.15 1 0
github.com/somaz94/network-policy-generator/api/v1/zz_generated.deepcopy.go:157.15,159.3 1 0
github.com/somaz94/network-policy-generator/api/v1/zz_generated.deepcopy.go:160.2,162.12 3 0
github.com/somaz94/network-policy-generator/api/v1/zz_generated.deepcopy.go:166.71,167.34 1 0
github.com/somaz94/network-policy-generator/api/v1/zz_generated.deepcopy.go:167.34,169.3 1 0
github.com/somaz94/network-policy-generator/api/v1/zz_generated.deepcopy.go:170.2,170.12 1 0
github.com/somaz94/network-policy-generator/api/v1/zz_generated.deepcopy.go:174.85,178.33 4 0
github.com/somaz94/network-policy-generator/api/v1/zz_generated.deepcopy.go:178.33,182.3 3 0
github.com/somaz94/network-policy-generator/api/v1/zz_generated.deepcopy.go:183.2,183.32 1 0
github.com/somaz94/network-policy-generator/api/v1/zz_generated.deepcopy.go:183.32,187.3 3 0
github.com/somaz94/network-policy-generator/api/v1/zz_generated.deepcopy.go:188.2,188.32 1 0
github.com/somaz94/network-policy-generator/api/v1/zz_generated.deepcopy.go:188.32,192.3 3 0
github.com/somaz94/network-policy-generator/api/v1/zz_generated.deepcopy.go:193.2,193.31 1 0
github.com/somaz94/network-policy-generator/api/v1/zz_generated.deepcopy.go:193.31,197.3 3 0
github.com/somaz94/network-policy-generator/api/v1/zz_generated.deepcopy.go:201.78,202.15 1 0
github.com/somaz94/network-policy-generator/api/v1/zz_generated.deepcopy.go:202.15,204.3 1 0
github.com/somaz94/network-policy-generator/api/v1/zz_generated.deepcopy.go:205.2,207.12 3 0
github.com/somaz94/network-policy-generator/api/v1/zz_generated.deepcopy.go:211.89,214.31 3 0
github.com/somaz94/network-policy-generator/api/v1/zz_generated.deepcopy.go:214.31,218.3 3 0
github.com/somaz94/network-policy-generator/api/v1/zz_generated.deepcopy.go:222.82,223.15 1 0
github.com/somaz94/network-policy-generator/api/v1/zz_generated.deepcopy.go:223.15,225.3 1 0
github.com/somaz94/network-policy-generator/api/v1/zz_generated.deepcopy.go:226.2,228.12 3 0
github.com/somaz94/network-policy-generator/api/v1/zz_generated.deepcopy.go:232.55,234.2 1 0
github.com/somaz94/network-policy-generator/api/v1/zz_generated.deepcopy.go:237.48,238.15 1 0
github.com/somaz94/network-policy-generator/api/v1/zz_generated.deepcopy.go:238.15,240.3 1 0
github.com/somaz94/network-policy-generator/api/v1/zz_generated.deepcopy.go:241.2,243.12 3 0
github.com/somaz94/network-policy-generator/api/v1/zz_generated.deepcopy.go:247.59,251.2 3 0
github.com/somaz94/network-policy-generator/api/v1/zz_generated.deepcopy.go:254.52,255.15 1 0
github.com/somaz94/network-policy-generator/api/v1/zz_generated.deepcopy.go:255.15,257.3 1 0
github.com/somaz94/network-policy-generator/api/v1/zz_generated.deepcopy.go:258.2,260.12 3 0
github.com/somaz94/network-policy-generator/cmd/main.go:48.13,53.2 2 0
github.com/somaz94/network-policy-generator/cmd/main.go:55.13,86.38 16 0
github.com/somaz94/network-policy-generator/cmd/main.go:86.38,89.3 2 0
github.com/somaz94/network-policy-generator/cmd/main.go:91.2,91.18 1 0
github.com/somaz94/network-policy-generator/cmd/main.go:91.18,93.3 1 0
github.com/somaz94/network-policy-generator/cmd/main.go:95.2,109.19 3 0
github.com/somaz94/network-policy-generator/cmd/main.go:109.19,119.3 1 0
github.com/somaz94/network-policy-generator/cmd/main.go:121.2,140.16 2 0
github.com/somaz94/network-policy-generator/cmd/main.go:140.16,143.3 2 0
github.com/somaz94/network-policy-generator/cmd/main.go:145.2,148.39 1 0
github.com/somaz94/network-policy-generator/cmd/main.go:148.39,151.3 2 0
github.com/somaz94/network-policy-generator/cmd/main.go:154.2,154.69 1 0
github.com/somaz94/network-policy-generator/cmd/main.go:154.69,157.3 2 0
github.com/somaz94/network-policy-generator/cmd/main.go:158.2,158.67 1 0
github.com/somaz94/network-policy-generator/cmd/main.go:158.67,161.3 2 0
github.com/somaz94/network-policy-generator/cmd/main.go:163.2,164.61 2 0
github.com/somaz94/network-policy-generator/cmd/main.go:164.61,167.3 2 0
github.com/somaz94/network-policy-generator/test/utils/utils.go:39.27,41.2 1 0
github.com/somaz94/network-policy-generator/test/utils/utils.go:44.41,48.42 3 0
github.com/somaz94/network-policy-generator/test/utils/utils.go:48.42,50.3 1 0
github.com/somaz94/network-policy-generator/test/utils/utils.go:52.2,56.16 5 0
github.com/somaz94/network-policy-generator/test/utils/utils.go:56.16,58.3 1 0
github.com/somaz94/network-policy-generator/test/utils/utils.go:60.2,60.28 1 0
github.com/somaz94/network-policy-generator/test/utils/utils.go:64.40,69.2 4 0
github.com/somaz94/network-policy-generator/test/utils/utils.go:72.36,75.36 3 0
github.com/somaz94/network-policy-generator/test/utils/utils.go:75.36,77.3 1 0
github.com/somaz94/network-policy-generator/test/utils/utils.go:82.39,92.16 4 0
github.com/somaz94/network-policy-generator/test/utils/utils.go:92.16,94.3 1 0
github.com/somaz94/network-policy-generator/test/utils/utils.go:95.2,96.37 2 0
github.com/somaz94/network-policy-generator/test/utils/utils.go:96.37,97.32 1 0
github.com/somaz94/network-policy-generator/test/utils/utils.go:97.32,98.35 1 0
github.com/somaz94/network-policy-generator/test/utils/utils.go:98.35,100.5 1 0
github.com/somaz94/network-policy-generator/test/utils/utils.go:104.2,104.14 1 0
github.com/somaz94/network-policy-generator/test/utils/utils.go:108.29,111.36 3 0
github.com/somaz94/network-policy-generator/test/utils/utils.go:111.36,113.3 1 0
github.com/somaz94/network-policy-generator/test/utils/utils.go:117.33,120.36 3 0
github.com/somaz94/network-policy-generator/test/utils/utils.go:120.36,122.3 1 0
github.com/somaz94/network-policy-generator/test/utils/utils.go:125.2,132.12 3 0
github.com/somaz94/network-policy-generator/test/utils/utils.go:137.40,151.16 4 0
github.com/somaz94/network-policy-generator/test/utils/utils.go:151.16,153.3 1 0
github.com/somaz94/network-policy-generator/test/utils/utils.go:156.2,157.38 2 0
github.com/somaz94/network-policy-generator/test/utils/utils.go:157.38,158.32 1 0
github.com/somaz94/network-policy-generator/test/utils/utils.go:158.32,159.35 1 0
github.com/somaz94/network-policy-generator/test/utils/utils.go:159.35,161.5 1 0
github.com/somaz94/network-policy-generator/test/utils/utils.go:165.2,165.14 1 0
github.com/somaz94/network-policy-generator/test/utils/utils.go:169.56,171.47 2 0
github.com/somaz94/network-policy-generator/test/utils/utils.go:171.47,173.3 1 0
github.com/somaz94/network-policy-generator/test/utils/utils.go:174.2,177.12 4 0
github.com/somaz94/network-policy-generator/test/utils/utils.go:182.47,185.35 3 0
github.com/somaz94/network-policy-generator/test/utils/utils.go:185.35,186.20 1 0
github.com/somaz94/network-policy-generator/test/utils/utils.go:186.20,188.4 1 0
github.com/somaz94/network-policy-generator/test/utils/utils.go:191.2,191.12 1 0
github.com/somaz94/network-policy-generator/test/utils/utils.go:195.38,197.16 2 0
github.com/somaz94/network-policy-generator/test/utils/utils.go:197.16,199.3 1 0
github.com/somaz94/network-policy-generator/test/utils/utils.go:200.2,201.16 2 0
github.com/somaz94/network-policy-generator/test/utils/utils.go:206.59,210.16 2 0
github.com/somaz94/network-policy-generator/test/utils/utils.go:210.16,212.3 1 0
github.com/somaz94/network-policy-generator/test/utils/utils.go:213.2,216.13 3 0
github.com/somaz94/network-policy-generator/test/utils/utils.go:216.13,218.3 1 0
github.com/somaz94/network-policy-generator/test/utils/utils.go:220.2,222.16 3 0
github.com/somaz94/network-policy-generator/test/utils/utils.go:222.16,224.3 1 0
github.com/somaz94/network-policy-generator/test/utils/utils.go:226.2,227.21 2 0
github.com/somaz94/network-policy-generator/test/utils/utils.go:227.21,229.3 1 0
github.com/somaz94/network-policy-generator/test/utils/utils.go:230.2,230.6 1 0
github.com/somaz94/network-policy-generator/test/utils/utils.go:230.6,232.17 2 0
github.com/somaz94/network-policy-generator/test/utils/utils.go:232.17,234.4 1 0
github.com/somaz94/network-policy-generator/test/utils/utils.go:236.3,236.22 1 0
github.com/somaz94/network-policy-generator/test/utils/utils.go:236.22,237.9 1 0
github.com/somaz94/network-policy-generator/test/utils/utils.go:239.3,239.50 1 0
github.com/somaz94/network-policy-generator/test/utils/utils.go:239.50,241.4 1 0
github.com/somaz94/network-policy-generator/test/utils/utils.go:244.2,245.16 2 0
github.com/somaz94/network-policy-generator/test/utils/utils.go:245.16,247.3 1 0
github.com/somaz94/network-policy-generator/test/utils/utils.go:250.2,250.50 1 0
github.com/somaz94/network-policy-generator/api/v1/networkpolicygenerator_types.go:177.13,179.2 1 1
github.com/somaz94/network-policy-generator/api/v1/zz_generated.deepcopy.go:28.59,31.2 2 0
github.com/somaz94/network-policy-generator/api/v1/zz_generated.deepcopy.go:34.52,35.15 1 0
github.com/somaz94/network-policy-generator/api/v1/zz_generated.deepcopy.go:35.15,37.3 1 0
github.com/somaz94/network-policy-generator/api/v1/zz_generated.deepcopy.go:38.2,40.12 3 0
github.com/somaz94/network-policy-generator/api/v1/zz_generated.deepcopy.go:44.63,46.2 1 0
github.com/somaz94/network-policy-generator/api/v1/zz_generated.deepcopy.go:49.56,50.15 1 0
github.com/somaz94/network-policy-generator/api/v1/zz_generated.deepcopy.go:50.15,52.3 1 0
github.com/somaz94/network-policy-generator/api/v1/zz_generated.deepcopy.go:53.2,55.12 3 0
github.com/somaz94/network-policy-generator/api/v1/zz_generated.deepcopy.go:59.53,61.2 1 0
github.com/somaz94/network-policy-generator/api/v1/zz_generated.deepcopy.go:64.46,65.15 1 0
github.com/somaz94/network-policy-generator/api/v1/zz_generated.deepcopy.go:65.15,67.3 1 0
github.com/somaz94/network-policy-generator/api/v1/zz_generated.deepcopy.go:68.2,70.12 3 0
github.com/somaz94/network-policy-generator/api/v1/zz_generated.deepcopy.go:74.59,77.2 2 0
github.com/somaz94/network-policy-generator/api/v1/zz_generated.deepcopy.go:80.52,81.15 1 0
github.com/somaz94/network-policy-generator/api/v1/zz_generated.deepcopy.go:81.15,83.3 1 0
github.com/somaz94/network-policy-generator/api/v1/zz_generated.deepcopy.go:84.2,86.12 3 0
github.com/somaz94/network-policy-generator/api/v1/zz_generated.deepcopy.go:90.69,92.23 2 0
github.com/somaz94/network-policy-generator/api/v1/zz_generated.deepcopy.go:92.23,96.3 3 0
github.com/somaz94/network-policy-generator/api/v1/zz_generated.deepcopy.go:97.2,97.22 1 0
github.com/somaz94/network-policy-generator/api/v1/zz_generated.deepcopy.go:97.22,101.3 3 0
github.com/somaz94/network-policy-generator/api/v1/zz_generated.deepcopy.go:105.62,106.15 1 0
github.com/somaz94/network-policy-generator/api/v1/zz_generated.deepcopy.go:106.15,108.3 1 0
github.com/somaz94/network-policy-generator/api/v1/zz_generated.deepcopy.go:109.2,111.12 3 0
github.com/somaz94/network-policy-generator/api/v1/zz_generated.deepcopy.go:115.77,121.2 5 0
github.com/somaz94/network-policy-generator/api/v1/zz_generated.deepcopy.go:124.70,125.15 1 0
github.com/somaz94/network-policy-generator/api/v1/zz_generated.deepcopy.go:125.15,127.3 1 0
github.com/somaz94/network-policy-generator/api/v1/zz_generated.deepcopy.go:128.2,130.12 3 0
github.com/somaz94/network-policy-generator/api/v1/zz_generated.deepcopy.go:134.67,135.34 1 0
github.com/somaz94/network-policy-generator/api/v1/zz_generated.deepcopy.go:135.34,137.3 1 0
github.com/somaz94/network-policy-generator/api/v1/zz_generated.deepcopy.go:138.2,138.12 1 0
github.com/somaz94/network-policy-generator/api/v1/zz_generated.deepcopy.go:142.85,146.21 4 0
github.com/somaz94/network-policy-generator/api/v1/zz_generated.deepcopy.go:146.21,149.22 3 0
github.com/somaz94/network-policy-generator/api/v1/zz_generated.deepcopy.go:149.22,151.4 1 0
github.com/somaz94/network-policy-generator/api/v1/zz_generated.deepcopy.go:156.78,157.15 1 0
github.com/somaz94/network-policy-generator/api/v1/zz_generated.deepcopy.go:157.15,159.3 1 0
github.com/somaz94/network-policy-generator/api/v1/zz_generated.deepcopy.go:160.2,162.12 3 0
github.com/somaz94/network-policy-generator/api/v1/zz_generated.deepcopy.go:166.71,167.34 1 0
github.com/somaz94/network-policy-generator/api/v1/zz_generated.deepcopy.go:167.34,169.3 1 0
github.com/somaz94/network-policy-generator/api/v1/zz_generated.deepcopy.go:170.2,170.12 1 0
github.com/somaz94/network-policy-generator/api/v1/zz_generated.deepcopy.go:174.85,178.33 4 0
github.com/somaz94/network-policy-generator/api/v1/zz_generated.deepcopy.go:178.33,182.3 3 0
github.com/somaz94/network-policy-generator/api/v1/zz_generated.deepcopy.go:183.2,183.32 1 0
github.com/somaz94/network-policy-generator/api/v1/zz_generated.deepcopy.go:183.32,187.3 3 0
github.com/somaz94/network-policy-generator/api/v1/zz_generated.deepcopy.go:188.2,188.32 1 0
github.com/somaz94/network-policy-generator/api/v1/zz_generated.deepcopy.go:188.32,192.3 3 0
github.com/somaz94/network-policy-generator/api/v1/zz_generated.deepcopy.go:193.2,193.31 1 0
github.com/somaz94/network-policy-generator/api/v1/zz_generated.deepcopy.go:193.31,197.3 3 0
github.com/somaz94/network-policy-generator/api/v1/zz_generated.deepcopy.go:201.78,202.15 1 0
github.com/somaz94/network-policy-generator/api/v1/zz_generated.deepcopy.go:202.15,204.3 1 0
github.com/somaz94/network-policy-generator/api/v1/zz_generated.deepcopy.go:205.2,207.12 3 0
github.com/somaz94/network-policy-generator/api/v1/zz_generated.deepcopy.go:211.89,214.31 3 0
github.com/somaz94/network-policy-generator/api/v1/zz_generated.deepcopy.go:214.31,218.3 3 0
github.com/somaz94/network-policy-generator/api/v1/zz_generated.deepcopy.go:222.82,223.15 1 0
github.com/somaz94/network-policy-generator/api/v1/zz_generated.deepcopy.go:223.15,225.3 1 0
github.com/somaz94/network-policy-generator/api/v1/zz_generated.deepcopy.go:226.2,228.12 3 0
github.com/somaz94/network-policy-generator/api/v1/zz_generated.deepcopy.go:232.55,234.2 1 0
github.com/somaz94/network-policy-generator/api/v1/zz_generated.deepcopy.go:237.48,238.15 1 0
github.com/somaz94/network-policy-generator/api/v1/zz_generated.deepcopy.go:238.15,240.3 1 0
github.com/somaz94/network-policy-generator/api/v1/zz_generated.deepcopy.go:241.2,243.12 3 0
github.com/somaz94/network-policy-generator/api/v1/zz_generated.deepcopy.go:247.59,251.2 3 0
github.com/somaz94/network-policy-generator/api/v1/zz_generated.deepcopy.go:254.52,255.15 1 0
github.com/somaz94/network-policy-generator/api/v1/zz_generated.deepcopy.go:255.15,257.3 1 0
github.com/somaz94/network-policy-generator/api/v1/zz_generated.deepcopy.go:258.2,260.12 3 0
github.com/somaz94/network-policy-generator/internal/policy/generator.go:19.32,21.2 1 1
github.com/somaz94/network-policy-generator/internal/policy/generator.go:24.130,51.65 3 1
github.com/somaz94/network-policy-generator/internal/policy/generator.go:51.65,52.47 1 1
github.com/somaz94/network-policy-generator/internal/policy/generator.go:52.47,54.55 1 1
github.com/somaz94/network-policy-generator/internal/policy/generator.go:54.55,83.90 5 1
github.com/somaz94/network-policy-generator/internal/policy/generator.go:83.90,85.75 1 0
github.com/somaz94/network-policy-generator/internal/policy/generator.go:85.75,97.7 1 0
github.com/somaz94/network-policy-generator/internal/policy/generator.go:98.6,98.74 1 0
github.com/somaz94/network-policy-generator/internal/policy/generator.go:98.74,110.7 1 0
github.com/somaz94/network-policy-generator/internal/policy/generator.go:113.5,113.88 1 1
github.com/somaz94/network-policy-generator/internal/policy/generator.go:113.88,115.74 1 0
github.com/somaz94/network-policy-generator/internal/policy/generator.go:115.74,122.7 1 0
github.com/somaz94/network-policy-generator/internal/policy/generator.go:123.6,123.73 1 0
github.com/somaz94/network-policy-generator/internal/policy/generator.go:123.73,130.7 1 0
github.com/somaz94/network-policy-generator/internal/policy/generator.go:133.5,133.40 1 1
github.com/somaz94/network-policy-generator/internal/policy/generator.go:136.8,141.48 2 1
github.com/somaz94/network-policy-generator/internal/policy/generator.go:141.48,145.56 3 1
github.com/somaz94/network-policy-generator/internal/policy/generator.go:145.56,155.5 3 1
github.com/somaz94/network-policy-generator/internal/policy/generator.go:157.4,158.82 2 1
github.com/somaz94/network-policy-generator/internal/policy/generator.go:162.3,162.88 1 1
github.com/somaz94/network-policy-generator/internal/policy/generator.go:162.88,163.37 1 1
github.com/somaz94/network-policy-generator/internal/policy/generator.go:163.37,165.5 1 1
github.com/somaz94/network-policy-generator/internal/policy/generator.go:166.4,166.36 1 1
github.com/somaz94/network-policy-generator/internal/policy/generator.go:166.36,168.5 1 1
github.com/somaz94/network-policy-generator/internal/policy/generator.go:171.4,171.73 1 1
github.com/somaz94/network-policy-generator/internal/policy/generator.go:171.73,178.5 1 1
github.com/somaz94/network-policy-generator/internal/policy/generator.go:179.4,179.72 1 1
github.com/somaz94/network-policy-generator/internal/policy/generator.go:179.72,186.5 1 1
github.com/somaz94/network-policy-generator/internal/policy/generator.go:189.3,189.86 1 1
github.com/somaz94/network-policy-generator/internal/policy/generator.go:189.86,190.37 1 1
github.com/somaz94/network-policy-generator/internal/policy/generator.go:190.37,192.5 1 1
github.com/somaz94/network-policy-generator/internal/policy/generator.go:193.4,193.36 1 1
github.com/somaz94/network-policy-generator/internal/policy/generator.go:193.36,195.5 1 1
github.com/somaz94/network-policy-generator/internal/policy/generator.go:198.4,198.72 1 1
github.com/somaz94/network-policy-generator/internal/policy/generator.go:198.72,205.5 1 1
github.com/somaz94/network-policy-generator/internal/policy/generator.go:206.4,206.71 1 1
github.com/somaz94/network-policy-generator/internal/policy/generator.go:206.71,213.5 1 1
github.com/somaz94/network-policy-generator/internal/policy/generator.go:216.3,216.38 1 1
github.com/somaz94/network-policy-generator/internal/policy/generator.go:219.2,219.22 1 1
github.com/somaz94/network-policy-generator/internal/policy/rules.go:20.65,31.32 4 1
github.com/somaz94/network-policy-generator/internal/policy/rules.go:31.32,46.3 2 1
github.com/somaz94/network-policy-generator/internal/policy/rules.go:48.2,50.14 3 1
github.com/somaz94/network-policy-generator/internal/policy/rules.go:54.71,57.25 2 1
github.com/somaz94/network-policy-generator/internal/policy/rules.go:57.25,90.3 4 1
github.com/somaz94/network-policy-generator/internal/policy/rules.go:92.2,92.14 1 1
github.com/somaz94/network-policy-generator/internal/policy/rules.go:96.99,98.29 2 1
github.com/somaz94/network-policy-generator/internal/policy/rules.go:98.29,117.3 2 1
github.com/somaz94/network-policy-generator/internal/policy/rules.go:118.2,118.14 1 1
github.com/somaz94/network-policy-generator/internal/policy/rules.go:122.97,124.29 2 1
github.com/somaz94/network-policy-generator/internal/policy/rules.go:124.29,143.3 2 1
github.com/somaz94/network-policy-generator/internal/policy/rules.go:144.2,144.14 1 1
github.com/somaz94/network-policy-generator/internal/policy/validator.go:14.32,16.2 1 1
github.com/somaz94/network-policy-generator/internal/policy/validator.go:19.53,20.47 1 0
github.com/somaz94/network-policy-generator/internal/policy/validator.go:20.47,22.3 1 0
github.com/somaz94/network-policy-generator/internal/policy/validator.go:23.2,23.12 1 0
github.com/somaz94/network-policy-generator/internal/policy/validator.go:27.124,28.23 1 1
github.com/somaz94/network-policy-generator/internal/policy/validator.go:28.23,30.3 1 0
github.com/somaz94/network-policy-generator/internal/policy/validator.go:32.2,32.45 1 1
github.com/somaz94/network-policy-generator/internal/policy/validator.go:32.45,34.3 1 0
github.com/somaz94/network-policy-generator/internal/policy/validator.go:37.2,37.62 1 1
github.com/somaz94/network-policy-generator/internal/policy/validator.go:37.62,39.3 1 1
github.com/somaz94/network-policy-generator/internal/policy/validator.go:41.2,41.32 1 1
github.com/somaz94/network-policy-generator/internal/policy/validator.go:45.77,47.43 1 1
github.com/somaz94/network-policy-generator/internal/policy/validator.go:47.43,48.53 1 1
github.com/somaz94/network-policy-generator/internal/policy/validator.go:48.53,50.4 1 1
github.com/somaz94/network-policy-generator/internal/policy/validator.go:54.2,54.42 1 1
github.com/somaz94/network-policy-generator/internal/policy/validator.go:54.42,55.53 1 0
github.com/somaz94/network-policy-generator/internal/policy/validator.go:55.53,57.4 1 0
github.com/somaz94/network-policy-generator/internal/policy/validator.go:60.2,60.12 1 1
github.com/somaz94/network-policy-generator/internal/policy/validator.go:64.81,65.29 1 1
github.com/somaz94/network-policy-generator/internal/policy/validator.go:65.29,66.23 1 1
github.com/somaz94/network-policy-generator/internal/policy/validator.go:66.23,68.39 2 1
github.com/somaz94/network-policy-generator/internal/policy/validator.go:68.39,70.5 1 1
github.com/somaz94/network-policy-generator/internal/policy/validator.go:73.3,73.27 1 1
github.com/somaz94/network-policy-generator/internal/policy/validator.go:73.27,75.68 2 1
github.com/somaz94/network-policy-generator/internal/policy/validator.go:75.68,77.5 1 1
github.com/somaz94/network-policy-generator/internal/policy/validator.go:80.2,80.12 1 1
github.com/somaz94/network-policy-generator/internal/policy/validator.go:83.98,86.53 2 1
github.com/somaz94/network-policy-generator/internal/policy/validator.go:86.53,88.3 1 1
github.com/somaz94/network-policy-generator/internal/policy/validator.go:90.2,90.54 1 1
github.com/somaz94/network-policy-generator/internal/policy/validator.go:90.54,91.20 1 1
github.com/somaz94/network-policy-generator/internal/policy/validator.go:91.20,93.4 1 1
github.com/somaz94/network-policy-generator/internal/policy/validator.go:96.2,96.12 1 1
github.com/somaz94/network-policy-generator/api/v1/networkpolicygenerator_types.go:177.13,179.2 1 1
github.com/somaz94/network-policy-generator/api/v1/zz_generated.deepcopy.go:28.59,31.2 2 0
github.com/somaz94/network-policy-generator/api/v1/zz_generated.deepcopy.go:34.52,35.15 1 0
github.com/somaz94/network-policy-generator/api/v1/zz_generated.deepcopy.go:35.15,37.3 1 0
github.com/somaz94/network-policy-generator/api/v1/zz_generated.deepcopy.go:38.2,40.12 3 0
github.com/somaz94/network-policy-generator/api/v1/zz_generated.deepcopy.go:44.63,46.2 1 0
github.com/somaz94/network-policy-generator/api/v1/zz_generated.deepcopy.go:49.56,50.15 1 0
github.com/somaz94/network-policy-generator/api/v1/zz_generated.deepcopy.go:50.15,52.3 1 0
github.com/somaz94/network-policy-generator/api/v1/zz_generated.deepcopy.go:53.2,55.12 3 0
github.com/somaz94/network-policy-generator/api/v1/zz_generated.deepcopy.go:59.53,61.2 1 0
github.com/somaz94/network-policy-generator/api/v1/zz_generated.deepcopy.go:64.46,65.15 1 0
github.com/somaz94/network-policy-generator/api/v1/zz_generated.deepcopy.go:65.15,67.3 1 0
github.com/somaz94/network-policy-generator/api/v1/zz_generated.deepcopy.go:68.2,70.12 3 0
github.com/somaz94/network-policy-generator/api/v1/zz_generated.deepcopy.go:74.59,77.2 2 0
github.com/somaz94/network-policy-generator/api/v1/zz_generated.deepcopy.go:80.52,81.15 1 0
github.com/somaz94/network-policy-generator/api/v1/zz_generated.deepcopy.go:81.15,83.3 1 0
github.com/somaz94/network-policy-generator/api/v1/zz_generated.deepcopy.go:84.2,86.12 3 0
github.com/somaz94/network-policy-generator/api/v1/zz_generated.deepcopy.go:90.69,92.23 2 0
github.com/somaz94/network-policy-generator/api/v1/zz_generated.deepcopy.go:92.23,96.3 3 0
github.com/somaz94/network-policy-generator/api/v1/zz_generated.deepcopy.go:97.2,97.22 1 0
github.com/somaz94/network-policy-generator/api/v1/zz_generated.deepcopy.go:97.22,101.3 3 0
github.com/somaz94/network-policy-generator/api/v1/zz_generated.deepcopy.go:105.62,106.15 1 0
github.com/somaz94/network-policy-generator/api/v1/zz_generated.deepcopy.go:106.15,108.3 1 0
github.com/somaz94/network-policy-generator/api/v1/zz_generated.deepcopy.go:109.2,111.12 3 0
github.com/somaz94/network-policy-generator/api/v1/zz_generated.deepcopy.go:115.77,121.2 5 0
github.com/somaz94/network-policy-generator/api/v1/zz_generated.deepcopy.go:124.70,125.15 1 0
github.com/somaz94/network-policy-generator/api/v1/zz_generated.deepcopy.go:125.15,127.3 1 0
github.com/somaz94/network-policy-generator/api/v1/zz_generated.deepcopy.go:128.2,130.12 3 0
github.com/somaz94/network-policy-generator/api/v1/zz_generated.deepcopy.go:134.67,135.34 1 0
github.com/somaz94/network-policy-generator/api/v1/zz_generated.deepcopy.go:135.34,137.3 1 0
github.com/somaz94/network-policy-generator/api/v1/zz_generated.deepcopy.go:138.2,138.12 1 0
github.com/somaz94/network-policy-generator/api/v1/zz_generated.deepcopy.go:142.85,146.21 4 0
github.com/somaz94/network-policy-generator/api/v1/zz_generated.deepcopy.go:146.21,149.22 3 0
github.com/somaz94/network-policy-generator/api/v1/zz_generated.deepcopy.go:149.22,151.4 1 0
github.com/somaz94/network-policy-generator/api/v1/zz_generated.deepcopy.go:156.78,157.15 1 0
github.com/somaz94/network-policy-generator/api/v1/zz_generated.deepcopy.go:157.15,159.3 1 0
github.com/somaz94/network-policy-generator/api/v1/zz_generated.deepcopy.go:160.2,162.12 3 0
github.com/somaz94/network-policy-generator/api/v1/zz_generated.deepcopy.go:166.71,167.34 1 0
github.com/somaz94/network-policy-generator/api/v1/zz_generated.deepcopy.go:167.34,169.3 1 0
github.com/somaz94/network-policy-generator/api/v1/zz_generated.deepcopy.go:170.2,170.12 1 0
github.com/somaz94/network-policy-generator/api/v1/zz_generated.deepcopy.go:174.85,178.33 4 0
github.com/somaz94/network-policy-generator/api/v1/zz_generated.deepcopy.go:178.33,182.3 3 0
github.com/somaz94/network-policy-generator/api/v1/zz_generated.deepcopy.go:183.2,183.32 1 0
github.com/somaz94/network-policy-generator/api/v1/zz_generated.deepcopy.go:183.32,187.3 3 0
github.com/somaz94/network-policy-generator/api/v1/zz_generated.deepcopy.go:188.2,188.32 1 0
github.com/somaz94/network-policy-generator/api/v1/zz_generated.deepcopy.go:188.32,192.3 3 0
github.com/somaz94/network-policy-generator/api/v1/zz_generated.deepcopy.go:193.2,193.31 1 0
github.com/somaz94/network-policy-generator/api/v1/zz_generated.deepcopy.go:193.31,197.3 3 0
github.com/somaz94/network-policy-generator/api/v1/zz_generated.deepcopy.go:201.78,202.15 1 0
github.com/somaz94/network-policy-generator/api/v1/zz_generated.deepcopy.go:202.15,204.3 1 0
github.com/somaz94/network-policy-generator/api/v1/zz_generated.deepcopy.go:205.2,207.12 3 0
github.com/somaz94/network-policy-generator/api/v1/zz_generated.deepcopy.go:211.89,214.31 3 0
github.com/somaz94/network-policy-generator/api/v1/zz_generated.deepcopy.go:214.31,218.3 3 0
github.com/somaz94/network-policy-generator/api/v1/zz_generated.deepcopy.go:222.82,223.15 1 0
github.com/somaz94/network-policy-generator/api/v1/zz_generated.deepcopy.go:223.15,225.3 1 0
github.com/somaz94/network-policy-generator/api/v1/zz_generated.deepcopy.go:226.2,228.12 3 0
github.com/somaz94/network-policy-generator/api/v1/zz_generated.deepcopy.go:232.55,234.2 1 0
github.com/somaz94/network-policy-generator/api/v1/zz_generated.deepcopy.go:237.48,238.15 1 0
github.com/somaz94/network-policy-generator/api/v1/zz_generated.deepcopy.go:238.15,240.3 1 0
github.com/somaz94/network-policy-generator/api/v1/zz_generated.deepcopy.go:241.2,243.12 3 0
github.com/somaz94/network-policy-generator/api/v1/zz_generated.deepcopy.go:247.59,251.2 3 0
github.com/somaz94/network-policy-generator/api/v1/zz_generated.deepcopy.go:254.52,255.15 1 0
github.com/somaz94/network-policy-generator/api/v1/zz_generated.deepcopy.go:255.15,257.3 1 0
github.com/somaz94/network-policy-generator/api/v1/zz_generated.deepcopy.go:258.2,260.12 3 0
github.com/somaz94/network-policy-generator/internal/monitor/collector.go:24.77,29.2 1 1
github.com/somaz94/network-policy-generator/internal/monitor/collector.go:32.95,37.16 4 1
github.com/somaz94/network-policy-generator/internal/monitor/collector.go:37.16,39.3 1 0
github.com/somaz94/network-policy-generator/internal/monitor/collector.go:41.2,41.33 1 1
github.com/somaz94/network-policy-generator/internal/monitor/collector.go:41.33,43.17 2 1
github.com/somaz94/network-policy-generator/internal/monitor/collector.go:43.17,45.12 2 0
github.com/somaz94/network-policy-generator/internal/monitor/collector.go:47.3,47.37 1 1
github.com/somaz94/network-policy-generator/internal/monitor/collector.go:50.2,50.19 1 1
github.com/somaz94/network-policy-generator/internal/monitor/collector.go:54.90,57.48 2 1
github.com/somaz94/network-policy-generator/internal/monitor/collector.go:57.48,58.40 1 1
github.com/somaz94/network-policy-generator/internal/monitor/collector.go:58.40,66.4 2 1
github.com/somaz94/network-policy-generator/internal/monitor/collector.go:68.3,68.65 1 1
github.com/somaz94/network-policy-generator/internal/monitor/collector.go:71.2,71.19 1 1
github.com/somaz94/network-policy-generator/internal/monitor/collector.go:75.109,78.30 2 1
github.com/somaz94/network-policy-generator/internal/monitor/collector.go:78.30,81.60 1 1
github.com/somaz94/network-policy-generator/internal/monitor/collector.go:81.60,84.18 2 1
github.com/somaz94/network-policy-generator/internal/monitor/collector.go:84.18,94.5 2 1
github.com/somaz94/network-policy-generator/internal/monitor/collector.go:98.2,98.14 1 1
github.com/somaz94/network-policy-generator/internal/monitor/collector.go:102.53,104.20 2 1
github.com/somaz94/network-policy-generator/internal/monitor/collector.go:104.20,106.3 1 1
github.com/somaz94/network-policy-generator/internal/monitor/collector.go:108.2,109.16 2 1
github.com/somaz94/network-policy-generator/internal/monitor/collector.go:109.16,111.3 1 1
github.com/somaz94/network-policy-generator/internal/monitor/collector.go:113.2,113.30 1 1
github.com/somaz94/network-policy-generator/internal/monitor/collector.go:117.43,119.21 2 1
github.com/somaz94/network-policy-generator/internal/monitor/collector.go:119.21,121.3 1 1
github.com/somaz94/network-policy-generator/internal/monitor/collector.go:122.2,122.11 1 0
github.com/somaz94/network-policy-generator/internal/monitor/collector.go:126.45,128.20 2 1
github.com/somaz94/network-policy-generator/internal/monitor/collector.go:128.20,130.3 1 1
github.com/somaz94/network-policy-generator/internal/monitor/collector.go:131.2,131.11 1 0
github.com/somaz94/network-policy-generator/internal/monitor/monitor.go:30.64,31.26 1 0
github.com/somaz94/network-policy-generator/internal/monitor/monitor.go:31.26,33.3 1 0
github.com/somaz94/network-policy-generator/internal/monitor/monitor.go:37.96,48.27 2 1
github.com/somaz94/network-policy-generator/internal/monitor/monitor.go:48.27,50.3 1 0
github.com/somaz94/network-policy-generator/internal/monitor/monitor.go:52.2,52.10 1 1
github.com/somaz94/network-policy-generator/internal/monitor/monitor.go:56.52,62.2 4 1
github.com/somaz94/network-policy-generator/internal/monitor/monitor.go:65.26,67.2 1 1
github.com/somaz94/network-policy-generator/internal/monitor/monitor.go:70.57,74.2 3 1
github.com/somaz94/network-policy-generator/internal/monitor/monitor.go:77.55,82.6 4 1
github.com/somaz94/network-policy-generator/internal/monitor/monitor.go:82.6,83.10 1 1
github.com/somaz94/network-policy-generator/internal/monitor/monitor.go:84.21,86.10 2 0
github.com/somaz94/network-policy-generator/internal/monitor/monitor.go:87.19,89.10 2 1
github.com/somaz94/network-policy-generator/internal/monitor/monitor.go:90.19,91.52 1 0
github.com/somaz94/network-policy-generator/internal/monitor/monitor.go:91.52,93.5 1 0
github.com/somaz94/network-policy-generator/internal/monitor/monitor.go:99.65,103.16 3 1
github.com/somaz94/network-policy-generator/internal/monitor/monitor.go:103.16,105.3 1 0
github.com/somaz94/network-policy-generator/internal/monitor/monitor.go:107.2,107.29 1 1
github.com/somaz94/network-policy-generator/internal/monitor/monitor.go:107.29,109.3 1 1
github.com/somaz94/network-policy-generator/internal/monitor/monitor.go:111.2,115.12 2 1
github.com/somaz94/network-policy-generator/internal/monitor/monitor.go:119.63,123.24 3 1
github.com/somaz94/network-policy-generator/internal/monitor/monitor.go:123.24,125.3 1 1
github.com/somaz94/network-policy-generator/internal/monitor/monitor.go:127.2,127.37 1 1
github.com/somaz94/network-policy-generator/internal/monitor/monitor.go:127.37,128.34 1 1
github.com/somaz94/network-policy-generator/internal/monitor/monitor.go:128.34,130.4 1 1
github.com/somaz94/network-policy-generator/internal/monitor/monitor.go:133.2,133.37 1 1
github.com/somaz94/network-policy-generator/internal/monitor/monitor.go:137.52,142.2 1 1
github.com/somaz94/network-policy-generator/internal/monitor/monitor.go:145.52,152.2 1 1
github.com/somaz94/network-policy-generator/api/v1/networkpolicygenerator_types.go:177.13,179.2 1 1
github.com/somaz94/network-policy-generator/api/v1/zz_generated.deepcopy.go:28.59,31.2 2 0
github.com/somaz94/network-policy-generator/api/v1/zz_generated.deepcopy.go:34.52,35.15 1 0
github.com/somaz94/network-policy-generator/api/v1/zz_generated.deepcopy.go:35.15,37.3 1 0
github.com/somaz94/network-policy-generator/api/v1/zz_generated.deepcopy.go:38.2,40.12 3 0
github.com/somaz94/network-policy-generator/api/v1/zz_generated.deepcopy.go:44.63,46.2 1 0
github.com/somaz94/network-policy-generator/api/v1/zz_generated.deepcopy.go:49.56,50.15 1 0
github.com/somaz94/network-policy-generator/api/v1/zz_generated.deepcopy.go:50.15,52.3 1 0
github.com/somaz94/network-policy-generator/api/v1/zz_generated.deepcopy.go:53.2,55.12 3 0
github.com/somaz94/network-policy-generator/api/v1/zz_generated.deepcopy.go:59.53,61.2 1 0
github.com/somaz94/network-policy-generator/api/v1/zz_generated.deepcopy.go:64.46,65.15 1 0
github.com/somaz94/network-policy-generator/api/v1/zz_generated.deepcopy.go:65.15,67.3 1 0
github.com/somaz94/network-policy-generator/api/v1/zz_generated.deepcopy.go:68.2,70.12 3 0
github.com/somaz94/network-policy-generator/api/v1/zz_generated.deepcopy.go:74.59,77.2 2 0
github.com/somaz94/network-policy-generator/api/v1/zz_generated.deepcopy.go:80.52,81.15 1 0
github.com/somaz94/network-policy-generator/api/v1/zz_generated.deepcopy.go:81.15,83.3 1 0
github.com/somaz94/network-policy-generator/api/v1/zz_generated.deepcopy.go:84.2,86.12 3 0
github.com/somaz94/network-policy-generator/api/v1/zz_generated.deepcopy.go:90.69,92.23 2 0
github.com/somaz94/network-policy-generator/api/v1/zz_generated.deepcopy.go:92.23,96.3 3 0
github.com/somaz94/network-policy-generator/api/v1/zz_generated.deepcopy.go:97.2,97.22 1 0
github.com/somaz94/network-policy-generator/api/v1/zz_generated.deepcopy.go:97.22,101.3 3 0
github.com/somaz94/network-policy-generator/api/v1/zz_generated.deepcopy.go:105.62,106.15 1 0
github.com/somaz94/network-policy-generator/api/v1/zz_generated.deepcopy.go:106.15,108.3 1 0
github.com/somaz94/network-policy-generator/api/v1/zz_generated.deepcopy.go:109.2,111.12 3 0
github.com/somaz94/network-policy-generator/api/v1/zz_generated.deepcopy.go:115.77,121.2 5 0
github.com/somaz94/network-policy-generator/api/v1/zz_generated.deepcopy.go:124.70,125.15 1 0
github.com/somaz94/network-policy-generator/api/v1/zz_generated.deepcopy.go:125.15,127.3 1 0
github.com/somaz94/network-policy-generator/api/v1/zz_generated.deepcopy.go:128.2,130.12 3 0
github.com/somaz94/network-policy-generator/api/v1/zz_generated.deepcopy.go:134.67,135.34 1 0
github.com/somaz94/network-policy-generator/api/v1/zz_generated.deepcopy.go:135.34,137.3 1 0
github.com/somaz94/network-policy-generator/api/v1/zz_generated.deepcopy.go:138.2,138.12 1 0
github.com/somaz94/network-policy-generator/api/v1/zz_generated.deepcopy.go:142.85,146.21 4 0
github.com/somaz94/network-policy-generator/api/v1/zz_generated.deepcopy.go:146.21,149.22 3 0
github.com/somaz94/network-policy-generator/api/v1/zz_generated.deepcopy.go:149.22,151.4 1 0
github.com/somaz94/network-policy-generator/api/v1/zz_generated.deepcopy.go:156.78,157.15 1 0
github.com/somaz94/network-policy-generator/api/v1/zz_generated.deepcopy.go:157.15,159.3 1 0
github.com/somaz94/network-policy-generator/api/v1/zz_generated.deepcopy.go:160.2,162.12 3 0
github.com/somaz94/network-policy-generator/api/v1/zz_generated.deepcopy.go:166.71,167.34 1 0
github.com/somaz94/network-policy-generator/api/v1/zz_generated.deepcopy.go:167.34,169.3 1 0
github.com/somaz94/network-policy-generator/api/v1/zz_generated.deepcopy.go:170.2,170.12 1 0
github.com/somaz94/network-policy-generator/api/v1/zz_generated.deepcopy.go:174.85,178.33 4 0
github.com/somaz94/network-policy-generator/api/v1/zz_generated.deepcopy.go:178.33,182.3 3 0
github.com/somaz94/network-policy-generator/api/v1/zz_generated.deepcopy.go:183.2,183.32 1 0
github.com/somaz94/network-policy-generator/api/v1/zz_generated.deepcopy.go:183.32,187.3 3 0
github.com/somaz94/network-policy-generator/api/v1/zz_generated.deepcopy.go:188.2,188.32 1 0
github.com/somaz94/network-policy-generator/api/v1/zz_generated.deepcopy.go:188.32,192.3 3 0
github.com/somaz94/network-policy-generator/api/v1/zz_generated.deepcopy.go:193.2,193.31 1 0
github.com/somaz94/network-policy-generator/api/v1/zz_generated.deepcopy.go:193.31,197.3 3 0
github.com/somaz94/network-policy-generator/api/v1/zz_generated.deepcopy.go:201.78,202.15 1 0
github.com/somaz94/network-policy-generator/api/v1/zz_generated.deepcopy.go:202.15,204.3 1 0
github.com/somaz94/network-policy-generator/api/v1/zz_generated.deepcopy.go:205.2,207.12 3 0
github.com/somaz94/network-policy-generator/api/v1/zz_generated.deepcopy.go:211.89,214.31 3 0
github.com/somaz94/network-policy-generator/api/v1/zz_generated.deepcopy.go:214.31,218.3 3 0
github.com/somaz94/network-policy-generator/api/v1/zz_generated.deepcopy.go:222.82,223.15 1 0
github.com/somaz94/network-policy-generator/api/v1/zz_generated.deepcopy.go:223.15,225.3 1 0
github.com/somaz94/network-policy-generator/api/v1/zz_generated.deepcopy.go:226.2,228.12 3 0
github.com/somaz94/network-policy-generator/api/v1/zz_generated.deepcopy.go:232.55,234.2 1 0
github.com/somaz94/network-policy-generator/api/v1/zz_generated.deepcopy.go:237.48,238.15 1 0
github.com/somaz94/network-policy-generator/api/v1/zz_generated.deepcopy.go:238.15,240.3 1 0
github.com/somaz94/network-policy-generator/api/v1/zz_generated.deepcopy.go:241.2,243.12 3 0
github.com/somaz94/network-policy-generator/api/v1/zz_generated.deepcopy.go:247.59,251.2 3 0
github.com/somaz94/network-policy-generator/api/v1/zz_generated.deepcopy.go:254.52,255.15 1 0
github.com/somaz94/network-policy-generator/api/v1/zz_generated.deepcopy.go:255.15,257.3 1 0
github.com/somaz94/network-policy-generator/api/v1/zz_generated.deepcopy.go:258.2,260.12 3 0
github.com/somaz94/network-policy-generator/internal/controller/module_handlers.go:20.151,24.76 2 1
github.com/somaz94/network-policy-generator/internal/controller/module_handlers.go:24.76,27.59 3 1
github.com/somaz94/network-policy-generator/internal/controller/module_handlers.go:27.59,30.4 2 0
github.com/somaz94/network-policy-generator/internal/controller/module_handlers.go:31.3,35.74 2 1
github.com/somaz94/network-policy-generator/internal/controller/module_handlers.go:39.2,40.49 2 1
github.com/somaz94/network-policy-generator/internal/controller/module_handlers.go:40.49,46.59 3 1
github.com/somaz94/network-policy-generator/internal/controller/module_handlers.go:46.59,49.4 2 0
github.com/somaz94/network-policy-generator/internal/controller/module_handlers.go:51.3,52.50 2 1
github.com/somaz94/network-policy-generator/internal/controller/module_handlers.go:52.50,55.4 2 0
github.com/somaz94/network-policy-generator/internal/controller/module_handlers.go:57.3,57.41 1 1
github.com/somaz94/network-policy-generator/internal/controller/module_handlers.go:61.2,69.54 3 1
github.com/somaz94/network-policy-generator/internal/controller/module_handlers.go:73.152,83.16 4 1
github.com/somaz94/network-policy-generator/internal/controller/module_handlers.go:83.16,86.3 2 0
github.com/somaz94/network-policy-generator/internal/controller/module_handlers.go:89.2,92.34 2 1
github.com/somaz94/network-policy-generator/internal/controller/module_handlers.go:92.34,116.17 6 1
github.com/somaz94/network-policy-generator/internal/controller/module_handlers.go:116.17,117.34 1 1
github.com/somaz94/network-policy-generator/internal/controller/module_handlers.go:117.34,120.5 2 0
github.com/somaz94/network-policy-generator/internal/controller/module_handlers.go:122.4,122.48 1 1
github.com/somaz94/network-policy-generator/internal/controller/module_handlers.go:122.48,125.5 2 0
github.com/somaz94/network-policy-generator/internal/controller/module_handlers.go:126.4,128.35 1 1
github.com/somaz94/network-policy-generator/internal/controller/module_handlers.go:129.9,132.48 2 0
github.com/somaz94/network-policy-generator/internal/controller/module_handlers.go:132.48,135.5 2 0
github.com/somaz94/network-policy-generator/internal/controller/module_handlers.go:136.4,138.35 1 0
github.com/somaz94/network-policy-generator/internal/controller/module_handlers.go:143.2,144.58 2 1
github.com/somaz94/network-policy-generator/internal/controller/module_handlers.go:144.58,147.3 2 0
github.com/somaz94/network-policy-generator/internal/controller/module_handlers.go:149.2,151.8 1 1
github.com/somaz94/network-policy-generator/internal/controller/networkpolicygenerator_controller.go:28.100,35.2 1 0
github.com/somaz94/network-policy-generator/internal/controller/networkpolicygenerator_controller.go:48.114,52.66 3 1
github.com/somaz94/network-policy-generator/internal/controller/networkpolicygenerator_controller.go:52.66,53.32 1 0
github.com/somaz94/network-policy-generator/internal/controller/networkpolicygenerator_controller.go:53.32,55.4 1 0
github.com/somaz94/network-policy-generator/internal/controller/networkpolicygenerator_controller.go:56.3,56.28 1 0
github.com/somaz94/network-policy-generator/internal/controller/networkpolicygenerator_controller.go:60.2,60.54 1 1
github.com/somaz94/network-policy-generator/internal/controller/networkpolicygenerator_controller.go:60.54,61.69 1 1
github.com/somaz94/network-policy-generator/internal/controller/networkpolicygenerator_controller.go:61.69,62.66 1 1
github.com/somaz94/network-policy-generator/internal/controller/networkpolicygenerator_controller.go:62.66,64.5 1 0
github.com/somaz94/network-policy-generator/internal/controller/networkpolicygenerator_controller.go:65.4,66.51 2 1
github.com/somaz94/network-policy-generator/internal/controller/networkpolicygenerator_controller.go:66.51,68.5 1 0
github.com/somaz94/network-policy-generator/internal/controller/networkpolicygenerator_controller.go:70.3,70.28 1 1
github.com/somaz94/network-policy-generator/internal/controller/networkpolicygenerator_controller.go:74.2,74.69 1 1
github.com/somaz94/network-policy-generator/internal/controller/networkpolicygenerator_controller.go:74.69,76.50 2 1
github.com/somaz94/network-policy-generator/internal/controller/networkpolicygenerator_controller.go:76.50,78.4 1 0
github.com/somaz94/network-policy-generator/internal/controller/networkpolicygenerator_controller.go:81.2,81.29 1 1
github.com/somaz94/network-policy-generator/internal/controller/networkpolicygenerator_controller.go:82.18,83.46 1 1
github.com/somaz94/network-policy-generator/internal/controller/networkpolicygenerator_controller.go:84.19,85.47 1 1
github.com/somaz94/network-policy-generator/internal/controller/networkpolicygenerator_controller.go:86.10,88.76 2 1
github.com/somaz94/network-policy-generator/internal/controller/networkpolicygenerator_controller.go:93.139,99.65 3 1
github.com/somaz94/network-policy-generator/internal/controller/networkpolicygenerator_controller.go:99.65,102.3 1 0
github.com/somaz94/network-policy-generator/internal/controller/networkpolicygenerator_controller.go:102.8,105.3 1 1
github.com/somaz94/network-policy-generator/internal/controller/networkpolicygenerator_controller.go:108.2,108.39 1 1
github.com/somaz94/network-policy-generator/internal/controller/networkpolicygenerator_controller.go:108.39,116.47 2 1
github.com/somaz94/network-policy-generator/internal/controller/networkpolicygenerator_controller.go:116.47,117.34 1 1
github.com/somaz94/network-policy-generator/internal/controller/networkpolicygenerator_controller.go:117.34,122.5 2 0
github.com/somaz94/network-policy-generator/internal/controller/networkpolicygenerator_controller.go:125.3,127.24 1 1
github.com/somaz94/network-policy-generator/internal/controller/networkpolicygenerator_controller.go:130.2,130.12 1 1
github.com/somaz94/network-policy-generator/internal/controller/networkpolicygenerator_controller.go:134.52,135.29 1 1
github.com/somaz94/network-policy-generator/internal/controller/networkpolicygenerator_controller.go:135.29,136.16 1 1
github.com/somaz94/network-policy-generator/internal/controller/networkpolicygenerator_controller.go:136.16,138.4 1 1
github.com/somaz94/network-policy-generator/internal/controller/networkpolicygenerator_controller.go:140.2,140.14 1 1
github.com/somaz94/network-policy-generator/internal/controller/networkpolicygenerator_controller.go:143.54,145.29 2 1
github.com/somaz94/network-policy-generator/internal/controller/networkpolicygenerator_controller.go:145.29,146.16 1 1
github.com/somaz94/network-policy-generator/internal/controller/networkpolicygenerator_controller.go:146.16,148.4 1 0
github.com/somaz94/network-policy-generator/internal/controller/networkpolicygenerator_controller.go:150.2,150.15 1 1
github.com/somaz94/network-policy-generator/internal/controller/networkpolicygenerator_controller.go:154.85,158.2 1 0
